{
  "stats": {
    "suites": 1,
    "tests": 5,
    "passes": 5,
    "pending": 0,
    "failures": 0,
    "start": "2026-06-06T18:24:29.413Z",
    "end": "2026-06-06T18:24:30.908Z",
    "duration": 1495,
    "testsRegistered": 5,
    "passPercent": 100,
    "pendingPercent": 0,
    "other": 0,
    "hasOther": false,
    "skipped": 0,
    "hasSkipped": false
  },
  "results": [
    {
      "uuid": "1dd8d11f-1fed-4642-b209-d0d0648b1eba",
      "title": "",
      "fullFile": "cypress/e2e/2-advanced-examples/querying.cy.js",
      "file": "cypress/e2e/2-advanced-examples/querying.cy.js",
      "beforeHooks": [],
      "afterHooks": [],
      "tests": [],
      "suites": [
        {
          "uuid": "71090338-d7ad-43bb-a33d-5408981fae0f",
          "title": "Querying",
          "fullFile": "",
          "file": "",
          "beforeHooks": [],
          "afterHooks": [],
          "tests": [
            {
              "title": "cy.get() - query DOM elements",
              "fullTitle": "Querying cy.get() - query DOM elements",
              "timedOut": null,
              "duration": 364,
              "state": "passed",
              "speed": "fast",
              "pass": true,
              "fail": false,
              "pending": false,
              "context": null,
              "code": "// https://on.cypress.io/get\ncy.get('#query-btn').should('contain', 'Button');\ncy.get('.query-btn').should('contain', 'Button');\ncy.get('#querying .well>button:first').should('contain', 'Button');\n//              ↲\n// Use CSS selectors just like jQuery\ncy.get('[data-test-id=\"test-example\"]').should('have.class', 'example');\n// 'cy.get()' yields jQuery object, you can get its attribute\n// by invoking `.attr()` method\ncy.get('[data-test-id=\"test-example\"]').invoke('attr', 'data-test-id').should('equal', 'test-example');\n// or you can get element's CSS property\ncy.get('[data-test-id=\"test-example\"]').invoke('css', 'position').should('equal', 'static');\n// or use assertions directly during 'cy.get()'\n// https://on.cypress.io/assertions\ncy.get('[data-test-id=\"test-example\"]').should('have.attr', 'data-test-id', 'test-example').and('have.css', 'position', 'static');",
              "err": {},
              "uuid": "c0df2a68-6d47-4b18-b745-652d6c769c7f",
              "parentUUID": "71090338-d7ad-43bb-a33d-5408981fae0f",
              "isHook": false,
              "skipped": false
            },
            {
              "title": "cy.contains() - query DOM elements with matching content",
              "fullTitle": "Querying cy.contains() - query DOM elements with matching content",
              "timedOut": null,
              "duration": 226,
              "state": "passed",
              "speed": "fast",
              "pass": true,
              "fail": false,
              "pending": false,
              "context": null,
              "code": "// https://on.cypress.io/contains\ncy.get('.query-list').contains('bananas').should('have.class', 'third');\n// we can pass a regexp to `.contains()`\ncy.get('.query-list').contains(/^b\\w+/).should('have.class', 'third');\ncy.get('.query-list').contains('apples').should('have.class', 'first');\n// passing a selector to contains will\n// yield the selector containing the text\ncy.get('#querying').contains('ul', 'oranges').should('have.class', 'query-list');\ncy.get('.query-button').contains('Save Form').should('have.class', 'btn');",
              "err": {},
              "uuid": "d96997e5-3e8e-4a79-a028-d51b9a2978f6",
              "parentUUID": "71090338-d7ad-43bb-a33d-5408981fae0f",
              "isHook": false,
              "skipped": false
            },
            {
              "title": ".within() - query DOM elements within a specific element",
              "fullTitle": "Querying .within() - query DOM elements within a specific element",
              "timedOut": null,
              "duration": 90,
              "state": "passed",
              "speed": "fast",
              "pass": true,
              "fail": false,
              "pending": false,
              "context": null,
              "code": "// https://on.cypress.io/within\ncy.get('.query-form').within(() => {\n  cy.get('input:first').should('have.attr', 'placeholder', 'Email');\n  cy.get('input:last').should('have.attr', 'placeholder', 'Password');\n});",
              "err": {},
              "uuid": "fd70c4d9-21b0-482b-9acf-f53b7698f899",
              "parentUUID": "71090338-d7ad-43bb-a33d-5408981fae0f",
              "isHook": false,
              "skipped": false
            },
            {
              "title": "cy.root() - query the root DOM element",
              "fullTitle": "Querying cy.root() - query the root DOM element",
              "timedOut": null,
              "duration": 89,
              "state": "passed",
              "speed": "fast",
              "pass": true,
              "fail": false,
              "pending": false,
              "context": null,
              "code": "// https://on.cypress.io/root\n// By default, root is the document\ncy.root().should('match', 'html');\ncy.get('.query-ul').within(() => {\n  // In this within, the root is now the ul DOM element\n  cy.root().should('have.class', 'query-ul');\n});",
              "err": {},
              "uuid": "0ff20841-d87e-4461-8550-6cd76b5e8bd0",
              "parentUUID": "71090338-d7ad-43bb-a33d-5408981fae0f",
              "isHook": false,
              "skipped": false
            },
            {
              "title": "best practices - selecting elements",
              "fullTitle": "Querying best practices - selecting elements",
              "timedOut": null,
              "duration": 601,
              "state": "passed",
              "speed": "fast",
              "pass": true,
              "fail": false,
              "pending": false,
              "context": null,
              "code": "// https://on.cypress.io/best-practices#Selecting-Elements\ncy.get('[data-cy=best-practices-selecting-elements]').within(() => {\n  // Worst - too generic, no context\n  cy.get('button').click();\n  // Bad. Coupled to styling. Highly subject to change.\n  cy.get('.btn.btn-large').click();\n  // Average. Coupled to the `name` attribute which has HTML semantics.\n  cy.get('[name=submission]').click();\n  // Better. But still coupled to styling or JS event listeners.\n  cy.get('#main').click();\n  // Slightly better. Uses an ID but also ensures the element\n  // has an ARIA role attribute\n  cy.get('#main[role=button]').click();\n  // Much better. But still coupled to text content that may change.\n  cy.contains('Submit').click();\n  // Best. Insulated from all changes.\n  cy.get('[data-cy=submit]').click();\n});",
              "err": {},
              "uuid": "afec7a31-cb27-4b18-8e35-3da97e7c0e71",
              "parentUUID": "71090338-d7ad-43bb-a33d-5408981fae0f",
              "isHook": false,
              "skipped": false
            }
          ],
          "suites": [],
          "passes": [
            "c0df2a68-6d47-4b18-b745-652d6c769c7f",
            "d96997e5-3e8e-4a79-a028-d51b9a2978f6",
            "fd70c4d9-21b0-482b-9acf-f53b7698f899",
            "0ff20841-d87e-4461-8550-6cd76b5e8bd0",
            "afec7a31-cb27-4b18-8e35-3da97e7c0e71"
          ],
          "failures": [],
          "pending": [],
          "skipped": [],
          "duration": 1370,
          "root": false,
          "rootEmpty": false,
          "_timeout": 2000
        }
      ],
      "passes": [],
      "failures": [],
      "pending": [],
      "skipped": [],
      "duration": 0,
      "root": true,
      "rootEmpty": true,
      "_timeout": 2000
    }
  ],
  "meta": {
    "mocha": {
      "version": "7.2.0"
    },
    "mochawesome": {
      "options": {
        "quiet": false,
        "reportFilename": "mochawesome",
        "saveHtml": false,
        "saveJson": true,
        "consoleReporter": "spec",
        "useInlineDiffs": false,
        "code": true
      },
      "version": "7.1.4"
    },
    "marge": {
      "options": {
        "reportDir": "cypress/reports",
        "overwrite": false,
        "html": false,
        "json": true
      },
      "version": "6.3.2"
    }
  }
}